<?xml version="1.0" encoding="UTF-8"?>
<!-- Generated by org.testng.reporters.JUnitReportReporter -->
<testsuite skipped="3" hostname="DESKTOP-LVGRQ1M" name="Com.acti.TestCases.Tc001_Login" tests="5" failures="0" timestamp="2019-11-25T20:04:08 EST" time="52.709" errors="2">
  <testcase name="intiBrowser" time="36.016" classname="Com.acti.TestCases.Tc001_Login">
    <error type="org.openqa.selenium.SessionNotCreatedException" message="session not created
from chrome not reachable
  (Session info: chrome=78.0.3904.108)
Build info: version: &#039;3.141.59&#039;, revision: &#039;e82be7d358&#039;, time: &#039;2018-11-14T08:17:03&#039;
System info: host: &#039;DESKTOP-LVGRQ1M&#039;, ip: &#039;192.168.1.14&#039;, os.name: &#039;Windows 10&#039;, os.arch: &#039;amd64&#039;, os.version: &#039;10.0&#039;, java.version: &#039;1.8.0_221&#039;
Driver info: driver.version: ChromeDriver
remote stacktrace: Backtrace:
	Ordinal0 [0x0056EB13+1501971]
	Ordinal0 [0x004EF6D1+980689]
	Ordinal0 [0x00477508+488712]
	Ordinal0 [0x0047131A+463642]
	Ordinal0 [0x004719C8+465352]
	Ordinal0 [0x00472AA5+469669]
	Ordinal0 [0x0046EC85+453765]
	Ordinal0 [0x00478330+492336]
	Ordinal0 [0x0042A108+172296]
	Ordinal0 [0x0042942D+169005]
	Ordinal0 [0x004278EB+162027]
	Ordinal0 [0x00410AC7+68295]
	Ordinal0 [0x00411B40+72512]
	Ordinal0 [0x00411AD9+72409]
	Ordinal0 [0x00508F37+1085239]
	GetHandleVerifier [0x0060D7ED+503293]
	GetHandleVerifier [0x0060D580+502672]
	GetHandleVerifier [0x006146AC+531644]
	GetHandleVerifier [0x0060DFFA+505354]
	Ordinal0 [0x00500606+1050118]
	Ordinal0 [0x0050047F+1049727]
	Ordinal0 [0x0050AF9B+1093531]
	Ordinal0 [0x0050B103+1093891]
	Ordinal0 [0x0050A095+1089685]
	BaseThreadInitThunk [0x75786359+25]
	RtlGetAppContainerNamedObjectPath [0x77E67B74+228]
	RtlGetAppContainerNamedObjectPath [0x77E67B44+180]
">
      <![CDATA[org.openqa.selenium.SessionNotCreatedException: session not created
from chrome not reachable
  (Session info: chrome=78.0.3904.108)
Build info: version: '3.141.59', revision: 'e82be7d358', time: '2018-11-14T08:17:03'
System info: host: 'DESKTOP-LVGRQ1M', ip: '192.168.1.14', os.name: 'Windows 10', os.arch: 'amd64', os.version: '10.0', java.version: '1.8.0_221'
Driver info: driver.version: ChromeDriver
remote stacktrace: Backtrace:
Ordinal0 [0x0056EB13+1501971]
Ordinal0 [0x004EF6D1+980689]
Ordinal0 [0x00477508+488712]
Ordinal0 [0x0047131A+463642]
Ordinal0 [0x004719C8+465352]
Ordinal0 [0x00472AA5+469669]
Ordinal0 [0x0046EC85+453765]
Ordinal0 [0x00478330+492336]
Ordinal0 [0x0042A108+172296]
Ordinal0 [0x0042942D+169005]
Ordinal0 [0x004278EB+162027]
Ordinal0 [0x00410AC7+68295]
Ordinal0 [0x00411B40+72512]
Ordinal0 [0x00411AD9+72409]
Ordinal0 [0x00508F37+1085239]
GetHandleVerifier [0x0060D7ED+503293]
GetHandleVerifier [0x0060D580+502672]
GetHandleVerifier [0x006146AC+531644]
GetHandleVerifier [0x0060DFFA+505354]
Ordinal0 [0x00500606+1050118]
Ordinal0 [0x0050047F+1049727]
Ordinal0 [0x0050AF9B+1093531]
Ordinal0 [0x0050B103+1093891]
Ordinal0 [0x0050A095+1089685]
BaseThreadInitThunk [0x75786359+25]
RtlGetAppContainerNamedObjectPath [0x77E67B74+228]
RtlGetAppContainerNamedObjectPath [0x77E67B44+180]

at sun.reflect.NativeConstructorAccessorImpl.newInstance0(Native Method)
at sun.reflect.NativeConstructorAccessorImpl.newInstance(Unknown Source)
at sun.reflect.DelegatingConstructorAccessorImpl.newInstance(Unknown Source)
at java.lang.reflect.Constructor.newInstance(Unknown Source)
at org.openqa.selenium.remote.W3CHandshakeResponse.lambda$errorHandler$0(W3CHandshakeResponse.java:62)
at org.openqa.selenium.remote.HandshakeResponse.lambda$getResponseFunction$0(HandshakeResponse.java:30)
at org.openqa.selenium.remote.ProtocolHandshake.lambda$createSession$0(ProtocolHandshake.java:126)
at java.util.stream.ReferencePipeline$3$1.accept(Unknown Source)
at java.util.Spliterators$ArraySpliterator.tryAdvance(Unknown Source)
at java.util.stream.ReferencePipeline.forEachWithCancel(Unknown Source)
at java.util.stream.AbstractPipeline.copyIntoWithCancel(Unknown Source)
at java.util.stream.AbstractPipeline.copyInto(Unknown Source)
at java.util.stream.AbstractPipeline.wrapAndCopyInto(Unknown Source)
at java.util.stream.FindOps$FindOp.evaluateSequential(Unknown Source)
at java.util.stream.AbstractPipeline.evaluate(Unknown Source)
at java.util.stream.ReferencePipeline.findFirst(Unknown Source)
at org.openqa.selenium.remote.ProtocolHandshake.createSession(ProtocolHandshake.java:128)
at org.openqa.selenium.remote.ProtocolHandshake.createSession(ProtocolHandshake.java:74)
at org.openqa.selenium.remote.HttpCommandExecutor.execute(HttpCommandExecutor.java:136)
at org.openqa.selenium.remote.service.DriverCommandExecutor.execute(DriverCommandExecutor.java:83)
at org.openqa.selenium.remote.RemoteWebDriver.execute(RemoteWebDriver.java:552)
at org.openqa.selenium.remote.RemoteWebDriver.startSession(RemoteWebDriver.java:213)
at org.openqa.selenium.remote.RemoteWebDriver.<init>(RemoteWebDriver.java:131)
at org.openqa.selenium.chrome.ChromeDriver.<init>(ChromeDriver.java:181)
at org.openqa.selenium.chrome.ChromeDriver.<init>(ChromeDriver.java:168)
at org.openqa.selenium.chrome.ChromeDriver.<init>(ChromeDriver.java:123)
at Com.acti.Base.DriverScript.intiBrowser(DriverScript.java:35)
at sun.reflect.NativeMethodAccessorImpl.invoke0(Native Method)
at sun.reflect.NativeMethodAccessorImpl.invoke(Unknown Source)
at sun.reflect.DelegatingMethodAccessorImpl.invoke(Unknown Source)
at java.lang.reflect.Method.invoke(Unknown Source)
at org.testng.internal.MethodInvocationHelper.invokeMethod(MethodInvocationHelper.java:133)
at org.testng.internal.TestInvoker.invokeMethod(TestInvoker.java:584)
at org.testng.internal.TestInvoker.invokeTestMethod(TestInvoker.java:172)
at org.testng.internal.MethodRunner.runInSequence(MethodRunner.java:46)
at org.testng.internal.TestInvoker$MethodInvocationAgent.invoke(TestInvoker.java:804)
at org.testng.internal.TestInvoker.invokeTestMethods(TestInvoker.java:145)
at org.testng.internal.TestMethodWorker.invokeTestMethods(TestMethodWorker.java:146)
at org.testng.internal.TestMethodWorker.run(TestMethodWorker.java:128)
at java.util.ArrayList.forEach(Unknown Source)
at org.testng.TestRunner.privateRun(TestRunner.java:770)
at org.testng.TestRunner.run(TestRunner.java:591)
at org.testng.SuiteRunner.runTest(SuiteRunner.java:402)
at org.testng.SuiteRunner.runSequentially(SuiteRunner.java:396)
at org.testng.SuiteRunner.privateRun(SuiteRunner.java:355)
at org.testng.SuiteRunner.run(SuiteRunner.java:304)
at org.testng.SuiteRunnerWorker.runSuite(SuiteRunnerWorker.java:53)
at org.testng.SuiteRunnerWorker.run(SuiteRunnerWorker.java:96)
at org.testng.TestNG.runSuitesSequentially(TestNG.java:1180)
at org.testng.TestNG.runSuitesLocally(TestNG.java:1102)
at org.testng.TestNG.runSuites(TestNG.java:1032)
at org.testng.TestNG.run(TestNG.java:1000)
at org.testng.remote.AbstractRemoteTestNG.run(AbstractRemoteTestNG.java:115)
at org.testng.remote.RemoteTestNG.initAndRun(RemoteTestNG.java:251)
at org.testng.remote.RemoteTestNG.main(RemoteTestNG.java:77)
]]>
    </error>
  </testcase> <!-- intiBrowser -->
  <testcase name="TestValidateLoginFunction" time="0.000" classname="Com.acti.TestCases.Tc001_Login">
    <skipped/>
  </testcase> <!-- TestValidateLoginFunction -->
  <testcase name="TestverifyLogoDisplayed" time="0.000" classname="Com.acti.TestCases.Tc001_Login">
    <skipped/>
  </testcase> <!-- TestverifyLogoDisplayed -->
  <testcase name="precondition" time="16.693" classname="Com.acti.TestCases.Tc001_Login">
    <error type="org.openqa.selenium.SessionNotCreatedException" message="session not created
from chrome not reachable
  (Session info: chrome=78.0.3904.108)
Build info: version: &#039;3.141.59&#039;, revision: &#039;e82be7d358&#039;, time: &#039;2018-11-14T08:17:03&#039;
System info: host: &#039;DESKTOP-LVGRQ1M&#039;, ip: &#039;192.168.1.14&#039;, os.name: &#039;Windows 10&#039;, os.arch: &#039;amd64&#039;, os.version: &#039;10.0&#039;, java.version: &#039;1.8.0_221&#039;
Driver info: driver.version: ChromeDriver
remote stacktrace: Backtrace:
	Ordinal0 [0x0056EB13+1501971]
	Ordinal0 [0x004EF6D1+980689]
	Ordinal0 [0x00477508+488712]
	Ordinal0 [0x0047131A+463642]
	Ordinal0 [0x004719C8+465352]
	Ordinal0 [0x00472AA5+469669]
	Ordinal0 [0x0046EC85+453765]
	Ordinal0 [0x00478330+492336]
	Ordinal0 [0x0042A108+172296]
	Ordinal0 [0x0042942D+169005]
	Ordinal0 [0x004278EB+162027]
	Ordinal0 [0x00410AC7+68295]
	Ordinal0 [0x00411B40+72512]
	Ordinal0 [0x00411AD9+72409]
	Ordinal0 [0x00508F37+1085239]
	GetHandleVerifier [0x0060D7ED+503293]
	GetHandleVerifier [0x0060D580+502672]
	GetHandleVerifier [0x006146AC+531644]
	GetHandleVerifier [0x0060DFFA+505354]
	Ordinal0 [0x00500606+1050118]
	Ordinal0 [0x0050047F+1049727]
	Ordinal0 [0x0050AF9B+1093531]
	Ordinal0 [0x0050B103+1093891]
	Ordinal0 [0x0050A095+1089685]
	BaseThreadInitThunk [0x75786359+25]
	RtlGetAppContainerNamedObjectPath [0x77E67B74+228]
	RtlGetAppContainerNamedObjectPath [0x77E67B44+180]
">
      <![CDATA[org.openqa.selenium.SessionNotCreatedException: session not created
from chrome not reachable
  (Session info: chrome=78.0.3904.108)
Build info: version: '3.141.59', revision: 'e82be7d358', time: '2018-11-14T08:17:03'
System info: host: 'DESKTOP-LVGRQ1M', ip: '192.168.1.14', os.name: 'Windows 10', os.arch: 'amd64', os.version: '10.0', java.version: '1.8.0_221'
Driver info: driver.version: ChromeDriver
remote stacktrace: Backtrace:
Ordinal0 [0x0056EB13+1501971]
Ordinal0 [0x004EF6D1+980689]
Ordinal0 [0x00477508+488712]
Ordinal0 [0x0047131A+463642]
Ordinal0 [0x004719C8+465352]
Ordinal0 [0x00472AA5+469669]
Ordinal0 [0x0046EC85+453765]
Ordinal0 [0x00478330+492336]
Ordinal0 [0x0042A108+172296]
Ordinal0 [0x0042942D+169005]
Ordinal0 [0x004278EB+162027]
Ordinal0 [0x00410AC7+68295]
Ordinal0 [0x00411B40+72512]
Ordinal0 [0x00411AD9+72409]
Ordinal0 [0x00508F37+1085239]
GetHandleVerifier [0x0060D7ED+503293]
GetHandleVerifier [0x0060D580+502672]
GetHandleVerifier [0x006146AC+531644]
GetHandleVerifier [0x0060DFFA+505354]
Ordinal0 [0x00500606+1050118]
Ordinal0 [0x0050047F+1049727]
Ordinal0 [0x0050AF9B+1093531]
Ordinal0 [0x0050B103+1093891]
Ordinal0 [0x0050A095+1089685]
BaseThreadInitThunk [0x75786359+25]
RtlGetAppContainerNamedObjectPath [0x77E67B74+228]
RtlGetAppContainerNamedObjectPath [0x77E67B44+180]

at sun.reflect.NativeConstructorAccessorImpl.newInstance0(Native Method)
at sun.reflect.NativeConstructorAccessorImpl.newInstance(Unknown Source)
at sun.reflect.DelegatingConstructorAccessorImpl.newInstance(Unknown Source)
at java.lang.reflect.Constructor.newInstance(Unknown Source)
at org.openqa.selenium.remote.W3CHandshakeResponse.lambda$errorHandler$0(W3CHandshakeResponse.java:62)
at org.openqa.selenium.remote.HandshakeResponse.lambda$getResponseFunction$0(HandshakeResponse.java:30)
at org.openqa.selenium.remote.ProtocolHandshake.lambda$createSession$0(ProtocolHandshake.java:126)
at java.util.stream.ReferencePipeline$3$1.accept(Unknown Source)
at java.util.Spliterators$ArraySpliterator.tryAdvance(Unknown Source)
at java.util.stream.ReferencePipeline.forEachWithCancel(Unknown Source)
at java.util.stream.AbstractPipeline.copyIntoWithCancel(Unknown Source)
at java.util.stream.AbstractPipeline.copyInto(Unknown Source)
at java.util.stream.AbstractPipeline.wrapAndCopyInto(Unknown Source)
at java.util.stream.FindOps$FindOp.evaluateSequential(Unknown Source)
at java.util.stream.AbstractPipeline.evaluate(Unknown Source)
at java.util.stream.ReferencePipeline.findFirst(Unknown Source)
at org.openqa.selenium.remote.ProtocolHandshake.createSession(ProtocolHandshake.java:128)
at org.openqa.selenium.remote.ProtocolHandshake.createSession(ProtocolHandshake.java:74)
at org.openqa.selenium.remote.HttpCommandExecutor.execute(HttpCommandExecutor.java:136)
at org.openqa.selenium.remote.service.DriverCommandExecutor.execute(DriverCommandExecutor.java:83)
at org.openqa.selenium.remote.RemoteWebDriver.execute(RemoteWebDriver.java:552)
at org.openqa.selenium.remote.RemoteWebDriver.startSession(RemoteWebDriver.java:213)
at org.openqa.selenium.remote.RemoteWebDriver.<init>(RemoteWebDriver.java:131)
at org.openqa.selenium.chrome.ChromeDriver.<init>(ChromeDriver.java:181)
at org.openqa.selenium.chrome.ChromeDriver.<init>(ChromeDriver.java:168)
at org.openqa.selenium.chrome.ChromeDriver.<init>(ChromeDriver.java:123)
at Com.acti.Base.DriverScript.intiBrowser(DriverScript.java:35)
at Com.acti.TestCases.Tc001_Login.precondition(Tc001_Login.java:23)
at sun.reflect.NativeMethodAccessorImpl.invoke0(Native Method)
at sun.reflect.NativeMethodAccessorImpl.invoke(Unknown Source)
at sun.reflect.DelegatingMethodAccessorImpl.invoke(Unknown Source)
at java.lang.reflect.Method.invoke(Unknown Source)
at org.testng.internal.MethodInvocationHelper.invokeMethod(MethodInvocationHelper.java:133)
at org.testng.internal.MethodInvocationHelper.invokeMethodConsideringTimeout(MethodInvocationHelper.java:62)
at org.testng.internal.ConfigInvoker.invokeConfigurationMethod(ConfigInvoker.java:340)
at org.testng.internal.ConfigInvoker.invokeConfigurations(ConfigInvoker.java:294)
at org.testng.internal.TestInvoker.runConfigMethods(TestInvoker.java:683)
at org.testng.internal.TestInvoker.invokeMethod(TestInvoker.java:510)
at org.testng.internal.TestInvoker.invokeTestMethod(TestInvoker.java:172)
at org.testng.internal.MethodRunner.runInSequence(MethodRunner.java:46)
at org.testng.internal.TestInvoker$MethodInvocationAgent.invoke(TestInvoker.java:804)
at org.testng.internal.TestInvoker.invokeTestMethods(TestInvoker.java:145)
at org.testng.internal.TestMethodWorker.invokeTestMethods(TestMethodWorker.java:146)
at org.testng.internal.TestMethodWorker.run(TestMethodWorker.java:128)
at java.util.ArrayList.forEach(Unknown Source)
at org.testng.TestRunner.privateRun(TestRunner.java:770)
at org.testng.TestRunner.run(TestRunner.java:591)
at org.testng.SuiteRunner.runTest(SuiteRunner.java:402)
at org.testng.SuiteRunner.runSequentially(SuiteRunner.java:396)
at org.testng.SuiteRunner.privateRun(SuiteRunner.java:355)
at org.testng.SuiteRunner.run(SuiteRunner.java:304)
at org.testng.SuiteRunnerWorker.runSuite(SuiteRunnerWorker.java:53)
at org.testng.SuiteRunnerWorker.run(SuiteRunnerWorker.java:96)
at org.testng.TestNG.runSuitesSequentially(TestNG.java:1180)
at org.testng.TestNG.runSuitesLocally(TestNG.java:1102)
at org.testng.TestNG.runSuites(TestNG.java:1032)
at org.testng.TestNG.run(TestNG.java:1000)
at org.testng.remote.AbstractRemoteTestNG.run(AbstractRemoteTestNG.java:115)
at org.testng.remote.RemoteTestNG.initAndRun(RemoteTestNG.java:251)
at org.testng.remote.RemoteTestNG.main(RemoteTestNG.java:77)
]]>
    </error>
  </testcase> <!-- precondition -->
  <testcase name="test" time="0.000" classname="Com.acti.TestCases.Tc001_Login">
    <skipped/>
  </testcase> <!-- test -->
</testsuite> <!-- Com.acti.TestCases.Tc001_Login -->
